<?xml version="1.0" encoding="UTF-8"?>
<testng-results ignored="0" total="20" passed="20" failed="0" skipped="0">
  <reporter-output>
  </reporter-output>
  <suite started-at="2025-05-01T15:37:28 GMT" name="flight-reservation" finished-at="2025-05-01T15:38:15 GMT" duration-ms="47257">
    <groups>
    </groups>
    <test started-at="2025-05-01T15:37:28 GMT" name="passengers-count-4" finished-at="2025-05-01T15:38:13 GMT" duration-ms="44651">
      <class name="com.vinsguru.tests.flightreservation.FlightReservationTest">
        <test-method is-config="true" signature="setupConfig()[pri:0, instance:com.vinsguru.tests.flightreservation.FlightReservationTest@6cd28fa7]" started-at="2025-05-01T15:37:28 GMT" name="setupConfig" finished-at="2025-05-01T15:37:28 GMT" duration-ms="20" status="PASS">
          <reporter-output>
          </reporter-output>
        </test-method> <!-- setupConfig -->
        <test-method is-config="true" signature="setDriver(org.testng.ITestContext)[pri:0, instance:com.vinsguru.tests.flightreservation.FlightReservationTest@6cd28fa7]" started-at="2025-05-01T15:37:28 GMT" name="setDriver" finished-at="2025-05-01T15:37:34 GMT" duration-ms="5500" status="PASS">
          <params>
            <param index="0">
              <value>
                <![CDATA[org.testng.TestRunner@2034b64c]]>
              </value>
            </param>
          </params>
          <reporter-output>
          </reporter-output>
        </test-method> <!-- setDriver -->
        <test-method is-config="true" signature="setParameters(java.lang.String)[pri:0, instance:com.vinsguru.tests.flightreservation.FlightReservationTest@6cd28fa7]" started-at="2025-05-01T15:37:34 GMT" name="setParameters" finished-at="2025-05-01T15:37:34 GMT" depends-on-methods="com.vinsguru.tests.AbstractTest.setDriver" duration-ms="484" status="PASS">
          <params>
            <param index="0">
              <value>
                <![CDATA[test-data/flight-reservation/passenger-4.json]]>
              </value>
            </param>
          </params>
          <reporter-output>
          </reporter-output>
        </test-method> <!-- setParameters -->
        <test-method signature="userRegistrationTest()[pri:0, instance:com.vinsguru.tests.flightreservation.FlightReservationTest@6cd28fa7]" started-at="2025-05-01T15:37:34 GMT" name="userRegistrationTest" finished-at="2025-05-01T15:37:44 GMT" duration-ms="10263" status="PASS">
          <reporter-output>
          </reporter-output>
        </test-method> <!-- userRegistrationTest -->
        <test-method is-config="true" signature="sleep()[pri:0, instance:com.vinsguru.tests.flightreservation.FlightReservationTest@6cd28fa7]" started-at="2025-05-01T15:37:44 GMT" name="sleep" finished-at="2025-05-01T15:37:49 GMT" duration-ms="5002" status="PASS">
          <reporter-output>
          </reporter-output>
        </test-method> <!-- sleep -->
        <test-method signature="registrationConfirmationTest()[pri:0, instance:com.vinsguru.tests.flightreservation.FlightReservationTest@6cd28fa7]" started-at="2025-05-01T15:37:49 GMT" name="registrationConfirmationTest" finished-at="2025-05-01T15:37:50 GMT" depends-on-methods="com.vinsguru.tests.flightreservation.FlightReservationTest.userRegistrationTest" duration-ms="461" status="PASS">
          <reporter-output>
          </reporter-output>
        </test-method> <!-- registrationConfirmationTest -->
        <test-method is-config="true" signature="sleep()[pri:0, instance:com.vinsguru.tests.flightreservation.FlightReservationTest@6cd28fa7]" started-at="2025-05-01T15:37:50 GMT" name="sleep" finished-at="2025-05-01T15:37:55 GMT" duration-ms="5000" status="PASS">
          <reporter-output>
          </reporter-output>
        </test-method> <!-- sleep -->
        <test-method signature="flightsSearchTest()[pri:0, instance:com.vinsguru.tests.flightreservation.FlightReservationTest@6cd28fa7]" started-at="2025-05-01T15:37:55 GMT" name="flightsSearchTest" finished-at="2025-05-01T15:37:55 GMT" depends-on-methods="com.vinsguru.tests.flightreservation.FlightReservationTest.registrationConfirmationTest" duration-ms="574" status="PASS">
          <reporter-output>
          </reporter-output>
        </test-method> <!-- flightsSearchTest -->
        <test-method is-config="true" signature="sleep()[pri:0, instance:com.vinsguru.tests.flightreservation.FlightReservationTest@6cd28fa7]" started-at="2025-05-01T15:37:55 GMT" name="sleep" finished-at="2025-05-01T15:38:00 GMT" duration-ms="5001" status="PASS">
          <reporter-output>
          </reporter-output>
        </test-method> <!-- sleep -->
        <test-method signature="flightSelectionTest()[pri:0, instance:com.vinsguru.tests.flightreservation.FlightReservationTest@6cd28fa7]" started-at="2025-05-01T15:38:00 GMT" name="flightSelectionTest" finished-at="2025-05-01T15:38:01 GMT" depends-on-methods="com.vinsguru.tests.flightreservation.FlightReservationTest.flightsSearchTest" duration-ms="848" status="PASS">
          <reporter-output>
          </reporter-output>
        </test-method> <!-- flightSelectionTest -->
        <test-method is-config="true" signature="sleep()[pri:0, instance:com.vinsguru.tests.flightreservation.FlightReservationTest@6cd28fa7]" started-at="2025-05-01T15:38:01 GMT" name="sleep" finished-at="2025-05-01T15:38:06 GMT" duration-ms="4998" status="PASS">
          <reporter-output>
          </reporter-output>
        </test-method> <!-- sleep -->
        <test-method signature="flightReservationConfirmationTest()[pri:0, instance:com.vinsguru.tests.flightreservation.FlightReservationTest@6cd28fa7]" started-at="2025-05-01T15:38:06 GMT" name="flightReservationConfirmationTest" finished-at="2025-05-01T15:38:06 GMT" depends-on-methods="com.vinsguru.tests.flightreservation.FlightReservationTest.flightSelectionTest" duration-ms="200" status="PASS">
          <reporter-output>
          </reporter-output>
        </test-method> <!-- flightReservationConfirmationTest -->
        <test-method is-config="true" signature="sleep()[pri:0, instance:com.vinsguru.tests.flightreservation.FlightReservationTest@6cd28fa7]" started-at="2025-05-01T15:38:06 GMT" name="sleep" finished-at="2025-05-01T15:38:11 GMT" duration-ms="5001" status="PASS">
          <reporter-output>
          </reporter-output>
        </test-method> <!-- sleep -->
        <test-method is-config="true" signature="quitDriver()[pri:0, instance:com.vinsguru.tests.flightreservation.FlightReservationTest@6cd28fa7]" started-at="2025-05-01T15:38:11 GMT" name="quitDriver" finished-at="2025-05-01T15:38:13 GMT" duration-ms="1248" status="PASS">
          <reporter-output>
          </reporter-output>
        </test-method> <!-- quitDriver -->
      </class> <!-- com.vinsguru.tests.flightreservation.FlightReservationTest -->
    </test> <!-- passengers-count-4 -->
    <test started-at="2025-05-01T15:37:28 GMT" name="passengers-count-1" finished-at="2025-05-01T15:38:13 GMT" duration-ms="45283">
      <class name="com.vinsguru.tests.flightreservation.FlightReservationTest">
        <test-method is-config="true" signature="setDriver(org.testng.ITestContext)[pri:0, instance:com.vinsguru.tests.flightreservation.FlightReservationTest@4de4b452]" started-at="2025-05-01T15:37:28 GMT" name="setDriver" finished-at="2025-05-01T15:37:36 GMT" duration-ms="8213" status="PASS">
          <params>
            <param index="0">
              <value>
                <![CDATA[org.testng.TestRunner@235ecd9f]]>
              </value>
            </param>
          </params>
          <reporter-output>
          </reporter-output>
        </test-method> <!-- setDriver -->
        <test-method is-config="true" signature="setParameters(java.lang.String)[pri:0, instance:com.vinsguru.tests.flightreservation.FlightReservationTest@4de4b452]" started-at="2025-05-01T15:37:36 GMT" name="setParameters" finished-at="2025-05-01T15:37:36 GMT" depends-on-methods="com.vinsguru.tests.AbstractTest.setDriver" duration-ms="2" status="PASS">
          <params>
            <param index="0">
              <value>
                <![CDATA[test-data/flight-reservation/passenger-1.json]]>
              </value>
            </param>
          </params>
          <reporter-output>
          </reporter-output>
        </test-method> <!-- setParameters -->
        <test-method signature="userRegistrationTest()[pri:0, instance:com.vinsguru.tests.flightreservation.FlightReservationTest@4de4b452]" started-at="2025-05-01T15:37:36 GMT" name="userRegistrationTest" finished-at="2025-05-01T15:37:45 GMT" duration-ms="9077" status="PASS">
          <reporter-output>
          </reporter-output>
        </test-method> <!-- userRegistrationTest -->
        <test-method is-config="true" signature="sleep()[pri:0, instance:com.vinsguru.tests.flightreservation.FlightReservationTest@4de4b452]" started-at="2025-05-01T15:37:45 GMT" name="sleep" finished-at="2025-05-01T15:37:50 GMT" duration-ms="5001" status="PASS">
          <reporter-output>
          </reporter-output>
        </test-method> <!-- sleep -->
        <test-method signature="registrationConfirmationTest()[pri:0, instance:com.vinsguru.tests.flightreservation.FlightReservationTest@4de4b452]" started-at="2025-05-01T15:37:50 GMT" name="registrationConfirmationTest" finished-at="2025-05-01T15:37:51 GMT" depends-on-methods="com.vinsguru.tests.flightreservation.FlightReservationTest.userRegistrationTest" duration-ms="435" status="PASS">
          <reporter-output>
          </reporter-output>
        </test-method> <!-- registrationConfirmationTest -->
        <test-method is-config="true" signature="sleep()[pri:0, instance:com.vinsguru.tests.flightreservation.FlightReservationTest@4de4b452]" started-at="2025-05-01T15:37:51 GMT" name="sleep" finished-at="2025-05-01T15:37:56 GMT" duration-ms="5001" status="PASS">
          <reporter-output>
          </reporter-output>
        </test-method> <!-- sleep -->
        <test-method signature="flightsSearchTest()[pri:0, instance:com.vinsguru.tests.flightreservation.FlightReservationTest@4de4b452]" started-at="2025-05-01T15:37:56 GMT" name="flightsSearchTest" finished-at="2025-05-01T15:37:56 GMT" depends-on-methods="com.vinsguru.tests.flightreservation.FlightReservationTest.registrationConfirmationTest" duration-ms="258" status="PASS">
          <reporter-output>
          </reporter-output>
        </test-method> <!-- flightsSearchTest -->
        <test-method is-config="true" signature="sleep()[pri:0, instance:com.vinsguru.tests.flightreservation.FlightReservationTest@4de4b452]" started-at="2025-05-01T15:37:56 GMT" name="sleep" finished-at="2025-05-01T15:38:01 GMT" duration-ms="5001" status="PASS">
          <reporter-output>
          </reporter-output>
        </test-method> <!-- sleep -->
        <test-method signature="flightSelectionTest()[pri:0, instance:com.vinsguru.tests.flightreservation.FlightReservationTest@4de4b452]" started-at="2025-05-01T15:38:01 GMT" name="flightSelectionTest" finished-at="2025-05-01T15:38:02 GMT" depends-on-methods="com.vinsguru.tests.flightreservation.FlightReservationTest.flightsSearchTest" duration-ms="817" status="PASS">
          <reporter-output>
          </reporter-output>
        </test-method> <!-- flightSelectionTest -->
        <test-method is-config="true" signature="sleep()[pri:0, instance:com.vinsguru.tests.flightreservation.FlightReservationTest@4de4b452]" started-at="2025-05-01T15:38:02 GMT" name="sleep" finished-at="2025-05-01T15:38:07 GMT" duration-ms="4998" status="PASS">
          <reporter-output>
          </reporter-output>
        </test-method> <!-- sleep -->
        <test-method signature="flightReservationConfirmationTest()[pri:0, instance:com.vinsguru.tests.flightreservation.FlightReservationTest@4de4b452]" started-at="2025-05-01T15:38:07 GMT" name="flightReservationConfirmationTest" finished-at="2025-05-01T15:38:07 GMT" depends-on-methods="com.vinsguru.tests.flightreservation.FlightReservationTest.flightSelectionTest" duration-ms="244" status="PASS">
          <reporter-output>
          </reporter-output>
        </test-method> <!-- flightReservationConfirmationTest -->
        <test-method is-config="true" signature="sleep()[pri:0, instance:com.vinsguru.tests.flightreservation.FlightReservationTest@4de4b452]" started-at="2025-05-01T15:38:07 GMT" name="sleep" finished-at="2025-05-01T15:38:12 GMT" duration-ms="5000" status="PASS">
          <reporter-output>
          </reporter-output>
        </test-method> <!-- sleep -->
        <test-method is-config="true" signature="quitDriver()[pri:0, instance:com.vinsguru.tests.flightreservation.FlightReservationTest@4de4b452]" started-at="2025-05-01T15:38:12 GMT" name="quitDriver" finished-at="2025-05-01T15:38:13 GMT" duration-ms="1220" status="PASS">
          <reporter-output>
          </reporter-output>
        </test-method> <!-- quitDriver -->
      </class> <!-- com.vinsguru.tests.flightreservation.FlightReservationTest -->
    </test> <!-- passengers-count-1 -->
    <test started-at="2025-05-01T15:37:28 GMT" name="passengers-count-2" finished-at="2025-05-01T15:38:15 GMT" duration-ms="46909">
      <class name="com.vinsguru.tests.flightreservation.FlightReservationTest">
        <test-method is-config="true" signature="setDriver(org.testng.ITestContext)[pri:0, instance:com.vinsguru.tests.flightreservation.FlightReservationTest@2f217633]" started-at="2025-05-01T15:37:28 GMT" name="setDriver" finished-at="2025-05-01T15:37:37 GMT" duration-ms="9107" status="PASS">
          <params>
            <param index="0">
              <value>
                <![CDATA[org.testng.TestRunner@1ca3b418]]>
              </value>
            </param>
          </params>
          <reporter-output>
          </reporter-output>
        </test-method> <!-- setDriver -->
        <test-method is-config="true" signature="setParameters(java.lang.String)[pri:0, instance:com.vinsguru.tests.flightreservation.FlightReservationTest@2f217633]" started-at="2025-05-01T15:37:37 GMT" name="setParameters" finished-at="2025-05-01T15:37:37 GMT" depends-on-methods="com.vinsguru.tests.AbstractTest.setDriver" duration-ms="9" status="PASS">
          <params>
            <param index="0">
              <value>
                <![CDATA[test-data/flight-reservation/passenger-2.json]]>
              </value>
            </param>
          </params>
          <reporter-output>
          </reporter-output>
        </test-method> <!-- setParameters -->
        <test-method signature="userRegistrationTest()[pri:0, instance:com.vinsguru.tests.flightreservation.FlightReservationTest@2f217633]" started-at="2025-05-01T15:37:37 GMT" name="userRegistrationTest" finished-at="2025-05-01T15:37:46 GMT" duration-ms="8837" status="PASS">
          <reporter-output>
          </reporter-output>
        </test-method> <!-- userRegistrationTest -->
        <test-method is-config="true" signature="sleep()[pri:0, instance:com.vinsguru.tests.flightreservation.FlightReservationTest@2f217633]" started-at="2025-05-01T15:37:46 GMT" name="sleep" finished-at="2025-05-01T15:37:51 GMT" duration-ms="5001" status="PASS">
          <reporter-output>
          </reporter-output>
        </test-method> <!-- sleep -->
        <test-method signature="registrationConfirmationTest()[pri:0, instance:com.vinsguru.tests.flightreservation.FlightReservationTest@2f217633]" started-at="2025-05-01T15:37:51 GMT" name="registrationConfirmationTest" finished-at="2025-05-01T15:37:51 GMT" depends-on-methods="com.vinsguru.tests.flightreservation.FlightReservationTest.userRegistrationTest" duration-ms="454" status="PASS">
          <reporter-output>
          </reporter-output>
        </test-method> <!-- registrationConfirmationTest -->
        <test-method is-config="true" signature="sleep()[pri:0, instance:com.vinsguru.tests.flightreservation.FlightReservationTest@2f217633]" started-at="2025-05-01T15:37:51 GMT" name="sleep" finished-at="2025-05-01T15:37:56 GMT" duration-ms="5000" status="PASS">
          <reporter-output>
          </reporter-output>
        </test-method> <!-- sleep -->
        <test-method signature="flightsSearchTest()[pri:0, instance:com.vinsguru.tests.flightreservation.FlightReservationTest@2f217633]" started-at="2025-05-01T15:37:56 GMT" name="flightsSearchTest" finished-at="2025-05-01T15:37:57 GMT" depends-on-methods="com.vinsguru.tests.flightreservation.FlightReservationTest.registrationConfirmationTest" duration-ms="638" status="PASS">
          <reporter-output>
          </reporter-output>
        </test-method> <!-- flightsSearchTest -->
        <test-method is-config="true" signature="sleep()[pri:0, instance:com.vinsguru.tests.flightreservation.FlightReservationTest@2f217633]" started-at="2025-05-01T15:37:57 GMT" name="sleep" finished-at="2025-05-01T15:38:02 GMT" duration-ms="5001" status="PASS">
          <reporter-output>
          </reporter-output>
        </test-method> <!-- sleep -->
        <test-method signature="flightSelectionTest()[pri:0, instance:com.vinsguru.tests.flightreservation.FlightReservationTest@2f217633]" started-at="2025-05-01T15:38:02 GMT" name="flightSelectionTest" finished-at="2025-05-01T15:38:03 GMT" depends-on-methods="com.vinsguru.tests.flightreservation.FlightReservationTest.flightsSearchTest" duration-ms="1139" status="PASS">
          <reporter-output>
          </reporter-output>
        </test-method> <!-- flightSelectionTest -->
        <test-method is-config="true" signature="sleep()[pri:0, instance:com.vinsguru.tests.flightreservation.FlightReservationTest@2f217633]" started-at="2025-05-01T15:38:03 GMT" name="sleep" finished-at="2025-05-01T15:38:08 GMT" duration-ms="4999" status="PASS">
          <reporter-output>
          </reporter-output>
        </test-method> <!-- sleep -->
        <test-method signature="flightReservationConfirmationTest()[pri:0, instance:com.vinsguru.tests.flightreservation.FlightReservationTest@2f217633]" started-at="2025-05-01T15:38:08 GMT" name="flightReservationConfirmationTest" finished-at="2025-05-01T15:38:09 GMT" depends-on-methods="com.vinsguru.tests.flightreservation.FlightReservationTest.flightSelectionTest" duration-ms="353" status="PASS">
          <reporter-output>
          </reporter-output>
        </test-method> <!-- flightReservationConfirmationTest -->
        <test-method is-config="true" signature="sleep()[pri:0, instance:com.vinsguru.tests.flightreservation.FlightReservationTest@2f217633]" started-at="2025-05-01T15:38:09 GMT" name="sleep" finished-at="2025-05-01T15:38:14 GMT" duration-ms="5001" status="PASS">
          <reporter-output>
          </reporter-output>
        </test-method> <!-- sleep -->
        <test-method is-config="true" signature="quitDriver()[pri:0, instance:com.vinsguru.tests.flightreservation.FlightReservationTest@2f217633]" started-at="2025-05-01T15:38:14 GMT" name="quitDriver" finished-at="2025-05-01T15:38:15 GMT" duration-ms="1350" status="PASS">
          <reporter-output>
          </reporter-output>
        </test-method> <!-- quitDriver -->
      </class> <!-- com.vinsguru.tests.flightreservation.FlightReservationTest -->
    </test> <!-- passengers-count-2 -->
    <test started-at="2025-05-01T15:37:28 GMT" name="passengers-count-3" finished-at="2025-05-01T15:38:15 GMT" duration-ms="47257">
      <class name="com.vinsguru.tests.flightreservation.FlightReservationTest">
        <test-method is-config="true" signature="setDriver(org.testng.ITestContext)[pri:0, instance:com.vinsguru.tests.flightreservation.FlightReservationTest@1a18644]" started-at="2025-05-01T15:37:28 GMT" name="setDriver" finished-at="2025-05-01T15:37:38 GMT" duration-ms="10393" status="PASS">
          <params>
            <param index="0">
              <value>
                <![CDATA[org.testng.TestRunner@58cbafc2]]>
              </value>
            </param>
          </params>
          <reporter-output>
          </reporter-output>
        </test-method> <!-- setDriver -->
        <test-method is-config="true" signature="setParameters(java.lang.String)[pri:0, instance:com.vinsguru.tests.flightreservation.FlightReservationTest@1a18644]" started-at="2025-05-01T15:37:38 GMT" name="setParameters" finished-at="2025-05-01T15:37:38 GMT" depends-on-methods="com.vinsguru.tests.AbstractTest.setDriver" duration-ms="2" status="PASS">
          <params>
            <param index="0">
              <value>
                <![CDATA[test-data/flight-reservation/passenger-3.json]]>
              </value>
            </param>
          </params>
          <reporter-output>
          </reporter-output>
        </test-method> <!-- setParameters -->
        <test-method signature="userRegistrationTest()[pri:0, instance:com.vinsguru.tests.flightreservation.FlightReservationTest@1a18644]" started-at="2025-05-01T15:37:38 GMT" name="userRegistrationTest" finished-at="2025-05-01T15:37:46 GMT" duration-ms="7784" status="PASS">
          <reporter-output>
          </reporter-output>
        </test-method> <!-- userRegistrationTest -->
        <test-method is-config="true" signature="sleep()[pri:0, instance:com.vinsguru.tests.flightreservation.FlightReservationTest@1a18644]" started-at="2025-05-01T15:37:46 GMT" name="sleep" finished-at="2025-05-01T15:37:51 GMT" duration-ms="5001" status="PASS">
          <reporter-output>
          </reporter-output>
        </test-method> <!-- sleep -->
        <test-method signature="registrationConfirmationTest()[pri:0, instance:com.vinsguru.tests.flightreservation.FlightReservationTest@1a18644]" started-at="2025-05-01T15:37:51 GMT" name="registrationConfirmationTest" finished-at="2025-05-01T15:37:52 GMT" depends-on-methods="com.vinsguru.tests.flightreservation.FlightReservationTest.userRegistrationTest" duration-ms="383" status="PASS">
          <reporter-output>
          </reporter-output>
        </test-method> <!-- registrationConfirmationTest -->
        <test-method is-config="true" signature="sleep()[pri:0, instance:com.vinsguru.tests.flightreservation.FlightReservationTest@1a18644]" started-at="2025-05-01T15:37:52 GMT" name="sleep" finished-at="2025-05-01T15:37:57 GMT" duration-ms="5001" status="PASS">
          <reporter-output>
          </reporter-output>
        </test-method> <!-- sleep -->
        <test-method signature="flightsSearchTest()[pri:0, instance:com.vinsguru.tests.flightreservation.FlightReservationTest@1a18644]" started-at="2025-05-01T15:37:57 GMT" name="flightsSearchTest" finished-at="2025-05-01T15:37:57 GMT" depends-on-methods="com.vinsguru.tests.flightreservation.FlightReservationTest.registrationConfirmationTest" duration-ms="636" status="PASS">
          <reporter-output>
          </reporter-output>
        </test-method> <!-- flightsSearchTest -->
        <test-method is-config="true" signature="sleep()[pri:0, instance:com.vinsguru.tests.flightreservation.FlightReservationTest@1a18644]" started-at="2025-05-01T15:37:57 GMT" name="sleep" finished-at="2025-05-01T15:38:02 GMT" duration-ms="5008" status="PASS">
          <reporter-output>
          </reporter-output>
        </test-method> <!-- sleep -->
        <test-method signature="flightSelectionTest()[pri:0, instance:com.vinsguru.tests.flightreservation.FlightReservationTest@1a18644]" started-at="2025-05-01T15:38:02 GMT" name="flightSelectionTest" finished-at="2025-05-01T15:38:03 GMT" depends-on-methods="com.vinsguru.tests.flightreservation.FlightReservationTest.flightsSearchTest" duration-ms="1175" status="PASS">
          <reporter-output>
          </reporter-output>
        </test-method> <!-- flightSelectionTest -->
        <test-method is-config="true" signature="sleep()[pri:0, instance:com.vinsguru.tests.flightreservation.FlightReservationTest@1a18644]" started-at="2025-05-01T15:38:03 GMT" name="sleep" finished-at="2025-05-01T15:38:08 GMT" duration-ms="4999" status="PASS">
          <reporter-output>
          </reporter-output>
        </test-method> <!-- sleep -->
        <test-method signature="flightReservationConfirmationTest()[pri:0, instance:com.vinsguru.tests.flightreservation.FlightReservationTest@1a18644]" started-at="2025-05-01T15:38:08 GMT" name="flightReservationConfirmationTest" finished-at="2025-05-01T15:38:09 GMT" depends-on-methods="com.vinsguru.tests.flightreservation.FlightReservationTest.flightSelectionTest" duration-ms="441" status="PASS">
          <reporter-output>
          </reporter-output>
        </test-method> <!-- flightReservationConfirmationTest -->
        <test-method is-config="true" signature="sleep()[pri:0, instance:com.vinsguru.tests.flightreservation.FlightReservationTest@1a18644]" started-at="2025-05-01T15:38:09 GMT" name="sleep" finished-at="2025-05-01T15:38:14 GMT" duration-ms="5000" status="PASS">
          <reporter-output>
          </reporter-output>
        </test-method> <!-- sleep -->
        <test-method is-config="true" signature="quitDriver()[pri:0, instance:com.vinsguru.tests.flightreservation.FlightReservationTest@1a18644]" started-at="2025-05-01T15:38:14 GMT" name="quitDriver" finished-at="2025-05-01T15:38:15 GMT" duration-ms="1407" status="PASS">
          <reporter-output>
          </reporter-output>
        </test-method> <!-- quitDriver -->
      </class> <!-- com.vinsguru.tests.flightreservation.FlightReservationTest -->
    </test> <!-- passengers-count-3 -->
  </suite> <!-- flight-reservation -->
</testng-results>
